0 info it worked if it ends with ok
1 verbose cli [ '/usr/bin/node', '/usr/bin/npm', 'install' ]
2 info using npm@1.4.28
3 info using node@v0.10.38
4 verbose readDependencies using package.json deps
5 verbose install where, deps [ '/home/shadowin/domains/top-radio.org/public_html/wp-content/themes/TRFoundation',
5 verbose install   [ 'time-grunt',
5 verbose install     'bower',
5 verbose install     'grunt',
5 verbose install     'grunt-cli',
5 verbose install     'grunt-contrib-concat',
5 verbose install     'grunt-contrib-copy',
5 verbose install     'grunt-contrib-uglify',
5 verbose install     'grunt-contrib-watch',
5 verbose install     'grunt-sass',
5 verbose install     'grunt-string-replace',
5 verbose install     'node-sass' ] ]
6 info preinstall foundationpress@5.5.2
7 verbose readDependencies using package.json deps
8 verbose already installed skipping bower@^1.4.1 /home/shadowin/domains/top-radio.org/public_html/wp-content/themes/TRFoundation
9 verbose already installed skipping grunt@~0.4.1 /home/shadowin/domains/top-radio.org/public_html/wp-content/themes/TRFoundation
10 verbose already installed skipping grunt-cli@^0.1.13 /home/shadowin/domains/top-radio.org/public_html/wp-content/themes/TRFoundation
11 verbose already installed skipping grunt-contrib-concat@~0.3.0 /home/shadowin/domains/top-radio.org/public_html/wp-content/themes/TRFoundation
12 verbose already installed skipping grunt-contrib-copy@~0.4.1 /home/shadowin/domains/top-radio.org/public_html/wp-content/themes/TRFoundation
13 verbose already installed skipping grunt-contrib-uglify@~0.2.7 /home/shadowin/domains/top-radio.org/public_html/wp-content/themes/TRFoundation
14 verbose already installed skipping grunt-contrib-watch@~0.5.3 /home/shadowin/domains/top-radio.org/public_html/wp-content/themes/TRFoundation
15 verbose already installed skipping grunt-sass@~0.18.0 /home/shadowin/domains/top-radio.org/public_html/wp-content/themes/TRFoundation
16 verbose already installed skipping grunt-string-replace@~0.2.7 /home/shadowin/domains/top-radio.org/public_html/wp-content/themes/TRFoundation
17 verbose already installed skipping node-sass@~2.0.1 /home/shadowin/domains/top-radio.org/public_html/wp-content/themes/TRFoundation
18 verbose already installed skipping time-grunt@^1.1.0 /home/shadowin/domains/top-radio.org/public_html/wp-content/themes/TRFoundation
19 silly resolved []
20 info build /home/shadowin/domains/top-radio.org/public_html/wp-content/themes/TRFoundation
21 verbose linkStuff [ false,
21 verbose linkStuff   false,
21 verbose linkStuff   false,
21 verbose linkStuff   '/home/shadowin/domains/top-radio.org/public_html/wp-content/themes' ]
22 info linkStuff foundationpress@5.5.2
23 verbose linkBins foundationpress@5.5.2
24 verbose linkMans foundationpress@5.5.2
25 verbose rebuildBundles foundationpress@5.5.2
26 verbose rebuildBundles [ '.bin',
26 verbose rebuildBundles   'bower',
26 verbose rebuildBundles   'grunt',
26 verbose rebuildBundles   'grunt-cli',
26 verbose rebuildBundles   'grunt-contrib-concat',
26 verbose rebuildBundles   'grunt-contrib-copy',
26 verbose rebuildBundles   'grunt-contrib-uglify',
26 verbose rebuildBundles   'grunt-contrib-watch',
26 verbose rebuildBundles   'grunt-sass',
26 verbose rebuildBundles   'grunt-string-replace',
26 verbose rebuildBundles   'node-sass',
26 verbose rebuildBundles   'time-grunt' ]
27 info install foundationpress@5.5.2
28 info postinstall foundationpress@5.5.2
29 verbose unsafe-perm in lifecycle true
30 info foundationpress@5.5.2 Failed to exec postinstall script
31 error foundationpress@5.5.2 postinstall: `bower install && grunt build`
31 error Exit status 1
32 error Failed at the foundationpress@5.5.2 postinstall script.
32 error This is most likely a problem with the foundationpress package,
32 error not with npm itself.
32 error Tell the author that this fails on your system:
32 error     bower install && grunt build
32 error You can get their info via:
32 error     npm owner ls foundationpress
32 error There is likely additional logging output above.
33 error System Linux 2.6.18-348.6.1.el5
34 error command "/usr/bin/node" "/usr/bin/npm" "install"
35 error cwd /home/shadowin/domains/top-radio.org/public_html/wp-content/themes/TRFoundation
36 error node -v v0.10.38
37 error npm -v 1.4.28
38 error code ELIFECYCLE
39 verbose exit [ 1, true ]
